<?xml version="1.0" encoding="UTF-8"?>
<testng-results ignored="0" total="4" passed="4" failed="0" skipped="0">
  <reporter-output>
  </reporter-output>
  <suite started-at="2019-06-25T13:52:55Z" name="Default suite" finished-at="2019-06-25T13:52:55Z" duration-ms="88">
    <groups>
    </groups>
    <test started-at="2019-06-25T13:52:55Z" name="Default test" finished-at="2019-06-25T13:52:55Z" duration-ms="88">
      <class name="datastructures.BinarySearchTreeTest">
        <test-method is-config="true" signature="Setup()[pri:0, instance:datastructures.BinarySearchTreeTest@3bf7ca37]" started-at="2019-06-25T13:52:55Z" name="Setup" finished-at="2019-06-25T13:52:55Z" duration-ms="10" status="PASS">
          <reporter-output>
          </reporter-output>
        </test-method> <!-- Setup -->
        <test-method signature="Delete()[pri:0, instance:datastructures.BinarySearchTreeTest@3bf7ca37]" started-at="2019-06-25T13:52:55Z" name="Delete" finished-at="2019-06-25T13:52:55Z" duration-ms="13" status="PASS">
          <reporter-output>
          </reporter-output>
        </test-method> <!-- Delete -->
        <test-method is-config="true" signature="Setup()[pri:0, instance:datastructures.BinarySearchTreeTest@3bf7ca37]" started-at="2019-06-25T13:52:55Z" name="Setup" finished-at="2019-06-25T13:52:55Z" duration-ms="0" status="PASS">
          <reporter-output>
          </reporter-output>
        </test-method> <!-- Setup -->
        <test-method signature="InsertAndFind()[pri:0, instance:datastructures.BinarySearchTreeTest@3bf7ca37]" started-at="2019-06-25T13:52:55Z" name="InsertAndFind" finished-at="2019-06-25T13:52:55Z" duration-ms="9" status="PASS">
          <reporter-output>
          </reporter-output>
        </test-method> <!-- InsertAndFind -->
        <test-method signature="MinAndMin2()[pri:0, instance:datastructures.BinarySearchTreeTest@3bf7ca37]" started-at="2019-06-25T13:52:55Z" name="MinAndMin2" finished-at="2019-06-25T13:52:55Z" duration-ms="3" status="PASS">
          <reporter-output>
          </reporter-output>
        </test-method> <!-- MinAndMin2 -->
        <test-method is-config="true" signature="Setup()[pri:0, instance:datastructures.BinarySearchTreeTest@3bf7ca37]" started-at="2019-06-25T13:52:55Z" name="Setup" finished-at="2019-06-25T13:52:55Z" duration-ms="0" status="PASS">
          <reporter-output>
          </reporter-output>
        </test-method> <!-- Setup -->
        <test-method is-config="true" signature="Setup()[pri:0, instance:datastructures.BinarySearchTreeTest@3bf7ca37]" started-at="2019-06-25T13:52:55Z" name="Setup" finished-at="2019-06-25T13:52:55Z" duration-ms="0" status="PASS">
          <reporter-output>
          </reporter-output>
        </test-method> <!-- Setup -->
        <test-method signature="PrintLevel()[pri:0, instance:datastructures.BinarySearchTreeTest@3bf7ca37]" started-at="2019-06-25T13:52:55Z" name="PrintLevel" finished-at="2019-06-25T13:52:55Z" duration-ms="6" status="PASS">
          <reporter-output>
          </reporter-output>
        </test-method> <!-- PrintLevel -->
      </class> <!-- datastructures.BinarySearchTreeTest -->
    </test> <!-- Default test -->
  </suite> <!-- Default suite -->
</testng-results>
