<?xml version="1.0" encoding="UTF-8"?>
<!-- Generated by org.testng.reporters.JUnitXMLReporter -->
<testsuite ignored="0" hostname="DESKTOP-JI62TLU" failures="0" tests="13" name="Default test" time="0.299" errors="0" timestamp="08 Jul 2019 19:58:39 GMT">
  <testcase classname="questions.ArraysAndStringsTest" name="Anagram" time="0.031"/>
  <testcase classname="questions.ArraysAndStringsTest" name="CaesarCipher" time="0.003"/>
  <testcase classname="questions.ArraysAndStringsTest" name="Compress" time="0.004"/>
  <testcase classname="questions.ArraysAndStringsTest" name="FizzBuzz" time="0.016"/>
  <testcase classname="questions.ArraysAndStringsTest" name="IsPermutation" time="0.004"/>
  <testcase classname="questions.ArraysAndStringsTest" name="OneAway" time="0.007"/>
  <testcase classname="questions.ArraysAndStringsTest" name="Palindromes" time="0.058"/>
  <testcase classname="questions.ArraysAndStringsTest" name="RansomNote" time="0.007"/>
  <testcase classname="questions.ArraysAndStringsTest" name="Reverse" time="0.005"/>
  <testcase classname="questions.ArraysAndStringsTest" name="ReverseInt" time="0.015"/>
  <testcase classname="questions.ArraysAndStringsTest" name="SieveOfEratosthenes" time="0.019"/>
  <testcase classname="questions.ArraysAndStringsTest" name="URLify" time="0.004"/>
  <testcase classname="questions.ArraysAndStringsTest" name="UniqueCharacters" time="0.003"/>
</testsuite> <!-- Default test -->
