<?xml version="1.0" encoding="UTF-8"?>
<!-- Generated by org.testng.reporters.JUnitXMLReporter -->
<testsuite ignored="0" hostname="DESKTOP-JI62TLU" failures="0" tests="5" name="Default test" time="0.13" errors="0" timestamp="22 Jun 2019 06:47:36 GMT">
  <testcase classname="datastructures.LinkedListTest" name="AddBack" time="0.018"/>
  <testcase classname="datastructures.LinkedListTest" name="AddFront" time="0.012"/>
  <testcase classname="datastructures.LinkedListTest" name="Clear" time="0.004"/>
  <testcase classname="datastructures.LinkedListTest" name="DeleteValue" time="0.004"/>
  <testcase classname="datastructures.LinkedListTest" name="SizeAndGetSize" time="0.008"/>
</testsuite> <!-- Default test -->
